12:49:47.021 TRACE common.XBeanDebug -Finished loading type system org.apache.poi.schemas.ooxml.system.ooxml
12:49:47.030 TRACE common.XBeanDebug -Resolving type for handle themefd26doctype
12:49:47.211 TRACE common.XBeanDebug -Resolving type for handle stylesheet5d8bdoctype
12:49:47.219 TRACE common.XBeanDebug -Resolving type for handle ctstylesheet4257type
12:49:47.231 TRACE common.XBeanDebug -Resolving type for handle ctfonts6623type
12:49:47.236 TRACE common.XBeanDebug -Resolving type for handle ctfont14d8type
12:49:47.249 TRACE common.XBeanDebug -Resolving type for handle ctfills2c6ftype
12:49:47.253 TRACE common.XBeanDebug -Resolving type for handle ctfill550ctype
12:49:47.260 TRACE common.XBeanDebug -Resolving type for handle ctborders0d66type
12:49:47.266 TRACE common.XBeanDebug -Resolving type for handle ctborderf935type
12:49:47.276 TRACE common.XBeanDebug -Resolving type for handle ctcellxfs1322type
12:49:47.282 TRACE common.XBeanDebug -Resolving type for handle ctxf97f7type
12:49:47.295 TRACE common.XBeanDebug -Resolving type for handle ctcellstylexfsa81ftype
12:49:47.299 TRACE common.XBeanDebug -Resolving type for handle ctdxfsb26atype
12:49:47.305 TRACE common.XBeanDebug -Resolving type for handle cttablestyles872ftype
12:49:47.313 TRACE common.XBeanDebug -Resolving type for handle sstf81fdoctype
12:49:47.332 TRACE common.XBeanDebug -Resolving type for handle ctsst44f3type
12:49:47.352 TRACE common.XBeanDebug -Resolving type for handle ctrsta472type
12:49:47.399 TRACE common.XBeanDebug -Resolving type for handle workbookec17doctype
12:49:47.415 TRACE common.XBeanDebug -Resolving type for handle ctworkbook83c3type
12:49:47.430 TRACE common.XBeanDebug -Resolving type for handle ctsheets49fdtype
12:49:47.434 TRACE common.XBeanDebug -Resolving type for handle ctsheet4dbetype
12:49:47.439 TRACE common.XBeanDebug -Resolving type for handle strelationshipid1e94type
12:49:47.446 TRACE common.XBeanDebug -Resolving type for handle worksheetf539doctype
12:49:47.458 TRACE common.XBeanDebug -Resolving type for handle ctworksheet530dtype
12:49:47.468 TRACE common.XBeanDebug -Resolving type for handle ctsheetdata8408type
12:49:47.477 TRACE common.XBeanDebug -Resolving type for handle ctrowdd39type
12:49:47.485 TRACE common.XBeanDebug -Resolving type for handle ctcell842btype
12:49:47.500 TRACE common.XBeanDebug -Resolving type for handle stcellrefe4e0type
12:49:47.529 TRACE common.XBeanDebug -Resolving type for handle ctcols627ctype
12:49:47.544 TRACE common.XBeanDebug -Resolving type for handle ctcola95ftype
12:49:47.623 TRACE common.XBeanDebug -Resolving type for handle stxstringf179type
12:49:47.639 TRACE common.XBeanDebug -Resolving type for handle stcelltypebf95type
