12:16:45.001 TRACE common.XBeanDebug -Resolving type for handle stylesheet5d8bdoctype
12:16:45.014 TRACE common.XBeanDebug -Resolving type for handle ctstylesheet4257type
12:16:45.026 TRACE common.XBeanDebug -Resolving type for handle ctfonts6623type
12:16:45.031 TRACE common.XBeanDebug -Resolving type for handle ctfont14d8type
12:16:45.046 TRACE common.XBeanDebug -Resolving type for handle ctfills2c6ftype
12:16:45.052 TRACE common.XBeanDebug -Resolving type for handle ctfill550ctype
12:16:45.059 TRACE common.XBeanDebug -Resolving type for handle ctborders0d66type
12:16:45.064 TRACE common.XBeanDebug -Resolving type for handle ctborderf935type
12:16:45.074 TRACE common.XBeanDebug -Resolving type for handle ctcellxfs1322type
12:16:45.080 TRACE common.XBeanDebug -Resolving type for handle ctxf97f7type
12:16:45.094 TRACE common.XBeanDebug -Resolving type for handle ctcellstylexfsa81ftype
12:16:45.099 TRACE common.XBeanDebug -Resolving type for handle ctdxfsb26atype
12:16:45.108 TRACE common.XBeanDebug -Resolving type for handle cttablestyles872ftype
12:16:45.114 TRACE common.XBeanDebug -Resolving type for handle sstf81fdoctype
12:16:45.128 TRACE common.XBeanDebug -Resolving type for handle ctsst44f3type
12:16:45.147 TRACE common.XBeanDebug -Resolving type for handle ctrsta472type
12:16:45.197 TRACE common.XBeanDebug -Resolving type for handle workbookec17doctype
12:16:45.210 TRACE common.XBeanDebug -Resolving type for handle ctworkbook83c3type
12:16:45.225 TRACE common.XBeanDebug -Resolving type for handle ctsheets49fdtype
12:16:45.229 TRACE common.XBeanDebug -Resolving type for handle ctsheet4dbetype
12:16:45.234 TRACE common.XBeanDebug -Resolving type for handle strelationshipid1e94type
12:16:45.248 TRACE common.XBeanDebug -Resolving type for handle worksheetf539doctype
12:16:45.290 TRACE common.XBeanDebug -Resolving type for handle ctworksheet530dtype
12:16:45.311 TRACE common.XBeanDebug -Resolving type for handle ctsheetdata8408type
12:16:45.326 TRACE common.XBeanDebug -Resolving type for handle ctrowdd39type
12:16:45.340 TRACE common.XBeanDebug -Resolving type for handle ctcell842btype
12:16:45.358 TRACE common.XBeanDebug -Resolving type for handle stcellrefe4e0type
12:16:45.392 TRACE common.XBeanDebug -Resolving type for handle ctcols627ctype
12:16:45.406 TRACE common.XBeanDebug -Resolving type for handle ctcola95ftype
12:16:45.497 TRACE common.XBeanDebug -Resolving type for handle stxstringf179type
12:16:45.515 TRACE common.XBeanDebug -Resolving type for handle stcelltypebf95type
